d:\lee\visual studio projects\watchysim\watchysim\debug\vc141.pdb
d:\lee\visual studio projects\watchysim\watchysim\debug\vc141.idb
d:\lee\visual studio projects\watchysim\watchysim\debug\watchy_tetris.obj
d:\lee\visual studio projects\watchysim\watchysim\debug\watchy_powershell.obj
d:\lee\visual studio projects\watchysim\watchysim\debug\watchy_pokemon.obj
d:\lee\visual studio projects\watchysim\watchysim\debug\watchy_macpaint.obj
d:\lee\visual studio projects\watchysim\watchysim\debug\watchy_dos.obj
d:\lee\visual studio projects\watchysim\watchysim\debug\watchy_analoggabel.obj
d:\lee\visual studio projects\watchysim\watchysim\debug\watchysim.obj
d:\lee\visual studio projects\watchysim\watchysim\debug\watchy.obj
d:\lee\visual studio projects\watchysim\debug\watchysim.exe
d:\lee\visual studio projects\watchysim\debug\watchysim.ilk
d:\lee\visual studio projects\watchysim\debug\watchysim.pdb
d:\lee\visual studio projects\watchysim\watchysim\debug\watchysim.res
d:\lee\visual studio projects\watchysim\watchysim\debug\watchysim.tlog\cl.command.1.tlog
d:\lee\visual studio projects\watchysim\watchysim\debug\watchysim.tlog\cl.read.1.tlog
d:\lee\visual studio projects\watchysim\watchysim\debug\watchysim.tlog\cl.write.1.tlog
d:\lee\visual studio projects\watchysim\watchysim\debug\watchysim.tlog\link.command.1.tlog
d:\lee\visual studio projects\watchysim\watchysim\debug\watchysim.tlog\link.read.1.tlog
d:\lee\visual studio projects\watchysim\watchysim\debug\watchysim.tlog\link.write.1.tlog
d:\lee\visual studio projects\watchysim\watchysim\debug\watchysim.tlog\rc.command.1.tlog
d:\lee\visual studio projects\watchysim\watchysim\debug\watchysim.tlog\rc.read.1.tlog
d:\lee\visual studio projects\watchysim\watchysim\debug\watchysim.tlog\rc.write.1.tlog
